C:\Users\islam.wahdan@valeo.com\documents\visual studio 2010\Projects\Script_PS\Debug\ScintillaNET.dll
C:\Users\islam.wahdan@valeo.com\documents\visual studio 2010\Projects\Script_PS\Debug\ScintillaNET.pdb
C:\Users\islam.wahdan@valeo.com\documents\visual studio 2010\Projects\Script_PS\Debug\ScintillaNET.xml
C:\USERS\ISLAM.WAHDAN@VALEO.COM\DOCUMENTS\VISUAL STUDIO 2010\PROJECTS\SCRIPT_PS\DEBUG\SCRIPT_PS.EXE
C:\USERS\ISLAM.WAHDAN@VALEO.COM\DOCUMENTS\VISUAL STUDIO 2010\PROJECTS\SCRIPT_PS\DEBUG\SCRIPT_PS.ILK
C:\USERS\ISLAM.WAHDAN@VALEO.COM\DOCUMENTS\VISUAL STUDIO 2010\PROJECTS\SCRIPT_PS\DEBUG\SCRIPT_PS.PDB
C:\USERS\ISLAM.WAHDAN@VALEO.COM\DOCUMENTS\VISUAL STUDIO 2010\PROJECTS\SCRIPT_PS\SCRIPT_PS\DEBUG\.NETFRAMEWORK,VERSION=V4.0.ASSEMBLYATTRIBUTES.OBJ
C:\USERS\ISLAM.WAHDAN@VALEO.COM\DOCUMENTS\VISUAL STUDIO 2010\PROJECTS\SCRIPT_PS\SCRIPT_PS\DEBUG\APP.RES
C:\USERS\ISLAM.WAHDAN@VALEO.COM\DOCUMENTS\VISUAL STUDIO 2010\PROJECTS\SCRIPT_PS\SCRIPT_PS\DEBUG\ASSEMBLYINFO.OBJ
C:\Users\islam.wahdan@valeo.com\documents\visual studio 2010\Projects\Script_PS\Script_PS\Debug\cl.command.1.tlog
C:\Users\islam.wahdan@valeo.com\documents\visual studio 2010\Projects\Script_PS\Script_PS\Debug\CL.read.1.tlog
C:\Users\islam.wahdan@valeo.com\documents\visual studio 2010\Projects\Script_PS\Script_PS\Debug\CL.write.1.tlog
C:\USERS\ISLAM.WAHDAN@VALEO.COM\DOCUMENTS\VISUAL STUDIO 2010\PROJECTS\SCRIPT_PS\SCRIPT_PS\DEBUG\CODE_REPLACER.OBJ
C:\Users\islam.wahdan@valeo.com\documents\visual studio 2010\Projects\Script_PS\Script_PS\Debug\GenerateResource.read.91.tlog
C:\Users\islam.wahdan@valeo.com\documents\visual studio 2010\Projects\Script_PS\Script_PS\Debug\GenerateResource.write.91.tlog
C:\USERS\ISLAM.WAHDAN@VALEO.COM\DOCUMENTS\VISUAL STUDIO 2010\PROJECTS\SCRIPT_PS\SCRIPT_PS\DEBUG\KEYWORD_REPLACE.OBJ
C:\Users\islam.wahdan@valeo.com\documents\visual studio 2010\Projects\Script_PS\Script_PS\Debug\link.1656.read.1.tlog
C:\Users\islam.wahdan@valeo.com\documents\visual studio 2010\Projects\Script_PS\Script_PS\Debug\link.1656.write.1.tlog
C:\Users\islam.wahdan@valeo.com\documents\visual studio 2010\Projects\Script_PS\Script_PS\Debug\link.1656-cvtres.read.1.tlog
C:\Users\islam.wahdan@valeo.com\documents\visual studio 2010\Projects\Script_PS\Script_PS\Debug\link.1656-cvtres.write.1.tlog
C:\Users\islam.wahdan@valeo.com\documents\visual studio 2010\Projects\Script_PS\Script_PS\Debug\link.2360.read.1.tlog
C:\Users\islam.wahdan@valeo.com\documents\visual studio 2010\Projects\Script_PS\Script_PS\Debug\link.2360.write.1.tlog
C:\Users\islam.wahdan@valeo.com\documents\visual studio 2010\Projects\Script_PS\Script_PS\Debug\link.2360-cvtres.read.1.tlog
C:\Users\islam.wahdan@valeo.com\documents\visual studio 2010\Projects\Script_PS\Script_PS\Debug\link.2360-cvtres.write.1.tlog
C:\Users\islam.wahdan@valeo.com\documents\visual studio 2010\Projects\Script_PS\Script_PS\Debug\link.2744.read.1.tlog
C:\Users\islam.wahdan@valeo.com\documents\visual studio 2010\Projects\Script_PS\Script_PS\Debug\link.2744.write.1.tlog
C:\Users\islam.wahdan@valeo.com\documents\visual studio 2010\Projects\Script_PS\Script_PS\Debug\link.2744-cvtres.read.1.tlog
C:\Users\islam.wahdan@valeo.com\documents\visual studio 2010\Projects\Script_PS\Script_PS\Debug\link.2744-cvtres.write.1.tlog
C:\Users\islam.wahdan@valeo.com\documents\visual studio 2010\Projects\Script_PS\Script_PS\Debug\link.command.1.tlog
C:\Users\islam.wahdan@valeo.com\documents\visual studio 2010\Projects\Script_PS\Script_PS\Debug\link.read.1.tlog
C:\Users\islam.wahdan@valeo.com\documents\visual studio 2010\Projects\Script_PS\Script_PS\Debug\link.write.1.tlog
C:\Users\islam.wahdan@valeo.com\documents\visual studio 2010\Projects\Script_PS\Script_PS\Debug\mt.command.1.tlog
C:\Users\islam.wahdan@valeo.com\documents\visual studio 2010\Projects\Script_PS\Script_PS\Debug\mt.read.1.tlog
C:\Users\islam.wahdan@valeo.com\documents\visual studio 2010\Projects\Script_PS\Script_PS\Debug\mt.write.1.tlog
C:\Users\islam.wahdan@valeo.com\documents\visual studio 2010\Projects\Script_PS\Script_PS\Debug\rc.command.1.tlog
C:\Users\islam.wahdan@valeo.com\documents\visual studio 2010\Projects\Script_PS\Script_PS\Debug\rc.read.1.tlog
C:\Users\islam.wahdan@valeo.com\documents\visual studio 2010\Projects\Script_PS\Script_PS\Debug\rc.write.1.tlog
C:\USERS\ISLAM.WAHDAN@VALEO.COM\DOCUMENTS\VISUAL STUDIO 2010\PROJECTS\SCRIPT_PS\SCRIPT_PS\DEBUG\SCRIPT.OBJ
C:\USERS\ISLAM.WAHDAN@VALEO.COM\DOCUMENTS\VISUAL STUDIO 2010\PROJECTS\SCRIPT_PS\SCRIPT_PS\DEBUG\SCRIPT_PS.EXE.INTERMEDIATE.MANIFEST
C:\USERS\ISLAM.WAHDAN@VALEO.COM\DOCUMENTS\VISUAL STUDIO 2010\PROJECTS\SCRIPT_PS\SCRIPT_PS\DEBUG\SCRIPT_PS.KEYWORD_GUI.RESOURCES
C:\USERS\ISLAM.WAHDAN@VALEO.COM\DOCUMENTS\VISUAL STUDIO 2010\PROJECTS\SCRIPT_PS\SCRIPT_PS\DEBUG\SCRIPT_PS.OBJ
C:\USERS\ISLAM.WAHDAN@VALEO.COM\DOCUMENTS\VISUAL STUDIO 2010\PROJECTS\SCRIPT_PS\SCRIPT_PS\DEBUG\SCRIPT_PS.PCH
C:\USERS\ISLAM.WAHDAN@VALEO.COM\DOCUMENTS\VISUAL STUDIO 2010\PROJECTS\SCRIPT_PS\SCRIPT_PS\DEBUG\SCRIPT_PS.SCRIPT_GUI.RESOURCES
C:\USERS\ISLAM.WAHDAN@VALEO.COM\DOCUMENTS\VISUAL STUDIO 2010\PROJECTS\SCRIPT_PS\SCRIPT_PS\DEBUG\SCRIPT_PS.SNIPPIT_GUI.RESOURCES
C:\Users\islam.wahdan@valeo.com\documents\visual studio 2010\Projects\Script_PS\Script_PS\Debug\Script_PS.write.1.tlog
C:\USERS\ISLAM.WAHDAN@VALEO.COM\DOCUMENTS\VISUAL STUDIO 2010\PROJECTS\SCRIPT_PS\SCRIPT_PS\DEBUG\SNIPPIT.OBJ
C:\USERS\ISLAM.WAHDAN@VALEO.COM\DOCUMENTS\VISUAL STUDIO 2010\PROJECTS\SCRIPT_PS\SCRIPT_PS\DEBUG\STDAFX.OBJ
C:\USERS\ISLAM.WAHDAN@VALEO.COM\DOCUMENTS\VISUAL STUDIO 2010\PROJECTS\SCRIPT_PS\SCRIPT_PS\DEBUG\VC100.PDB
