Build started 5/24/2014 7:06:50 PM.
     1>Project "C:\Users\islam.wahdan@valeo.com\documents\visual studio 2010\Projects\Script_PS\Script_PS\Script_PS.vcxproj" on node 2 (build target(s)).
     1>InitializeBuildStatus:
         Touching "Debug\Script_PS.unsuccessfulbuild".
       GenerateTargetFrameworkMonikerAttribute:
       Skipping target "GenerateTargetFrameworkMonikerAttribute" because all output files are up-to-date with respect to the input files.
       ClCompile:
         c:\Program Files (x86)\Microsoft Visual Studio 10.0\VC\bin\CL.exe /c /AI"C:\Program Files (x86)\Reference Assemblies\Microsoft\Framework\.NETFramework\v4.0" /Zi /clr:pure /nologo /W3 /WX- /Od /Oy- /D WIN32 /D _DEBUG /D _UNICODE /D UNICODE /EHa /MDd /GS /fp:precise /Zc:wchar_t /Zc:forScope /Yc"StdAfx.h" /Fp"Debug\Script_PS.pch" /Fo"Debug\\" /Fd"Debug\vc100.pdb" /TP /FUC:\ScintillaNET\ScintillaNET.dll /FU"C:\Program Files (x86)\Reference Assemblies\Microsoft\Framework\.NETFramework\v4.0\System.Core.dll" /FU"C:\Program Files (x86)\Reference Assemblies\Microsoft\Framework\.NETFramework\v4.0\System.Data.dll" /FU"C:\Program Files (x86)\Reference Assemblies\Microsoft\Framework\.NETFramework\v4.0\System.Design.dll" /FU"C:\Program Files (x86)\Reference Assemblies\Microsoft\Framework\.NETFramework\v4.0\System.dll" /FU"C:\Program Files (x86)\Reference Assemblies\Microsoft\Framework\.NETFramework\v4.0\System.Drawing.dll" /FU"C:\Program Files (x86)\Reference Assemblies\Microsoft\Framework\.NETFramework\v4.0\System.Windows.Forms.dll" /FU"C:\Program Files (x86)\Reference Assemblies\Microsoft\Framework\.NETFramework\v4.0\System.Xml.dll" /analyze- /errorReport:prompt stdafx.cpp /clr:nostdlib 
         stdafx.cpp
         c:\Program Files (x86)\Microsoft Visual Studio 10.0\VC\bin\CL.exe /c /AI"C:\Program Files (x86)\Reference Assemblies\Microsoft\Framework\.NETFramework\v4.0" /Zi /clr:pure /nologo /W3 /WX- /Od /Oy- /D WIN32 /D _DEBUG /D _UNICODE /D UNICODE /EHa /MDd /GS /fp:precise /Zc:wchar_t /Zc:forScope /Yu"StdAfx.h" /Fp"Debug\Script_PS.pch" /Fo"Debug\\" /Fd"Debug\vc100.pdb" /TP /FUC:\ScintillaNET\ScintillaNET.dll /FU"C:\Program Files (x86)\Reference Assemblies\Microsoft\Framework\.NETFramework\v4.0\System.Core.dll" /FU"C:\Program Files (x86)\Reference Assemblies\Microsoft\Framework\.NETFramework\v4.0\System.Data.dll" /FU"C:\Program Files (x86)\Reference Assemblies\Microsoft\Framework\.NETFramework\v4.0\System.Design.dll" /FU"C:\Program Files (x86)\Reference Assemblies\Microsoft\Framework\.NETFramework\v4.0\System.dll" /FU"C:\Program Files (x86)\Reference Assemblies\Microsoft\Framework\.NETFramework\v4.0\System.Drawing.dll" /FU"C:\Program Files (x86)\Reference Assemblies\Microsoft\Framework\.NETFramework\v4.0\System.Windows.Forms.dll" /FU"C:\Program Files (x86)\Reference Assemblies\Microsoft\Framework\.NETFramework\v4.0\System.Xml.dll" /analyze- /errorReport:prompt "..\..\..\..\..\..\islam.wahdan@valeo.com\Documents\Visual Studio 2010\Projects\Script_PS\Script_PS\Keyword_Replace.cpp" "..\..\..\..\..\..\islam.wahdan@valeo.com\documents\visual studio 2010\Projects\Script_PS\Script_PS\Script.cpp" "..\..\..\..\..\..\islam.wahdan@valeo.com\documents\visual studio 2010\Projects\Script_PS\Script_PS\Snippit.cpp" AssemblyInfo.cpp Code_Replacer.cpp Script_PS.cpp /clr:nostdlib 
         Keyword_Replace.cpp
         Script.cpp
         Snippit.cpp
         AssemblyInfo.cpp
         Code_Replacer.cpp
         Script_PS.cpp
     1>c:\users\islam.wahdan@valeo.com\documents\visual studio 2010\projects\script_ps\script_ps\Snippit_GUI.h(520): warning C4101: 'x' : unreferenced local variable
     1>c:\users\islam.wahdan@valeo.com\documents\visual studio 2010\projects\script_ps\script_ps\Snippit_GUI.h(545): warning C4101: 'x' : unreferenced local variable
     1>c:\users\islam.wahdan@valeo.com\documents\visual studio 2010\projects\script_ps\script_ps\Keyword_GUI.h(508): warning C4101: 'x' : unreferenced local variable
     1>c:\users\islam.wahdan@valeo.com\documents\visual studio 2010\projects\script_ps\script_ps\Keyword_GUI.h(533): warning C4101: 'x' : unreferenced local variable
     1>c:\users\islam.wahdan@valeo.com\documents\visual studio 2010\projects\script_ps\script_ps\Script_GUI.h(357): warning C4101: 'e' : unreferenced local variable
     1>c:\users\islam.wahdan@valeo.com\documents\visual studio 2010\projects\script_ps\script_ps\Script_GUI.h(402): warning C4101: 'e' : unreferenced local variable
         Generating Code...
         All outputs are up-to-date.
       CoreResGen:
         "C:\Program Files (x86)\Microsoft SDKs\Windows\v7.0A\bin\NETFX 4.0 Tools\resgen.exe" /useSourcePath /r:C:\ScintillaNET\ScintillaNET.dll /r:"C:\Program Files (x86)\Reference Assemblies\Microsoft\Framework\.NETFramework\v4.0\System.Core.dll" /r:"C:\Program Files (x86)\Reference Assemblies\Microsoft\Framework\.NETFramework\v4.0\System.Data.dll" /r:"C:\Program Files (x86)\Reference Assemblies\Microsoft\Framework\.NETFramework\v4.0\System.Design.dll" /r:"C:\Program Files (x86)\Reference Assemblies\Microsoft\Framework\.NETFramework\v4.0\System.dll" /r:"C:\Program Files (x86)\Reference Assemblies\Microsoft\Framework\.NETFramework\v4.0\System.Drawing.dll" /r:"C:\Program Files (x86)\Reference Assemblies\Microsoft\Framework\.NETFramework\v4.0\System.Windows.Forms.dll" /r:"C:\Program Files (x86)\Reference Assemblies\Microsoft\Framework\.NETFramework\v4.0\System.Xml.dll" /compile Keyword_GUI.resx,Debug\Script_PS.Keyword_GUI.resources Snippit_GUI.resx,Debug\Script_PS.Snippit_GUI.resources Script_GUI.resX,Debug\Script_PS.Script_GUI.resources
         Processing resource file "Keyword_GUI.resx" into "Debug\Script_PS.Keyword_GUI.resources".
         Processing resource file "Snippit_GUI.resx" into "Debug\Script_PS.Snippit_GUI.resources".
         Processing resource file "Script_GUI.resX" into "Debug\Script_PS.Script_GUI.resources".
       ResourceCompile:
         All outputs are up-to-date.
       Link:
         c:\Program Files (x86)\Microsoft Visual Studio 10.0\VC\bin\link.exe /ERRORREPORT:PROMPT /OUT:"C:\Users\islam.wahdan@valeo.com\documents\visual studio 2010\Projects\Script_PS\Debug\Script_PS.exe" /INCREMENTAL /NOLOGO /ASSEMBLYRESOURCE:Debug\Script_PS.Keyword_GUI.resources /ASSEMBLYRESOURCE:Debug\Script_PS.Snippit_GUI.resources /ASSEMBLYRESOURCE:Debug\Script_PS.Script_GUI.resources /MANIFEST /ManifestFile:"Debug\Script_PS.exe.intermediate.manifest" /MANIFESTUAC:"level='asInvoker' uiAccess='false'" /DEBUG /PDB:"C:\Users\islam.wahdan@valeo.com\documents\visual studio 2010\Projects\Script_PS\Debug\Script_PS.pdb" /ASSEMBLYDEBUG /SUBSYSTEM:WINDOWS /TLBID:1 /ENTRY:"main" /DYNAMICBASE /FIXED:NO /NXCOMPAT /MACHINE:X86 Debug\app.res
         Debug\Keyword_Replace.obj
         Debug\Script.obj
         Debug\Snippit.obj
         Debug\Code_Replacer.obj
         Debug\AssemblyInfo.obj
         Debug\Script_PS.obj
         Debug\stdafx.obj
         "Debug\.NETFramework,Version=v4.0.AssemblyAttributes.obj"
         Script_PS.vcxproj -> C:\Users\islam.wahdan@valeo.com\documents\visual studio 2010\Projects\Script_PS\Debug\Script_PS.exe
       Manifest:
         C:\Program Files (x86)\Microsoft SDKs\Windows\v7.0A\bin\mt.exe /nologo /verbose /outputresource:"C:\Users\islam.wahdan@valeo.com\documents\visual studio 2010\Projects\Script_PS\Debug\Script_PS.exe;#1" /manifest Debug\Script_PS.exe.intermediate.manifest
       FinalizeBuildStatus:
         Deleting file "Debug\Script_PS.unsuccessfulbuild".
         Touching "Debug\Script_PS.lastbuildstate".
     1>Done Building Project "C:\Users\islam.wahdan@valeo.com\documents\visual studio 2010\Projects\Script_PS\Script_PS\Script_PS.vcxproj" (build target(s)).

Build succeeded.

Time Elapsed 00:00:04.60
