c:\users\islam\documents\visual studio 2013\projects\script_ps\script_ps\release\script_ps.pch
c:\users\islam\documents\visual studio 2013\projects\script_ps\script_ps\release\vc120.pdb
c:\users\islam\documents\visual studio 2013\projects\script_ps\script_ps\release\stdafx.obj
c:\users\islam\documents\visual studio 2013\projects\script_ps\script_ps\release\script_ps.obj
c:\users\islam\documents\visual studio 2013\projects\script_ps\script_ps\release\assemblyinfo.obj
c:\users\islam\documents\visual studio 2013\projects\script_ps\script_ps\release\code_replacer.obj
c:\users\islam\documents\visual studio 2013\projects\script_ps\script_ps\release\snippit.obj
c:\users\islam\documents\visual studio 2013\projects\script_ps\script_ps\release\script.obj
c:\users\islam\documents\visual studio 2013\projects\script_ps\script_ps\release\keyword_replace.obj
c:\users\islam\documents\visual studio 2013\projects\script_ps\script_ps\release\.netframework,version=v4.0.assemblyattributes.obj
c:\users\islam\documents\visual studio 2013\projects\script_ps\release\script_ps.exe
c:\users\islam\documents\visual studio 2013\projects\script_ps\release\script_ps.pdb
c:\users\islam\documents\visual studio 2013\projects\script_ps\script_ps\release\script_ps.tlog\metagen.write.1.tlog
c:\users\islam\documents\visual studio 2013\projects\script_ps\script_ps\release\app.res
c:\users\islam\documents\visual studio 2013\projects\script_ps\release\scintillanet.dll
c:\users\islam\documents\visual studio 2013\projects\script_ps\release\scintillanet.pdb
c:\users\islam\documents\visual studio 2013\projects\script_ps\release\scintillanet.xml
c:\users\islam\documents\visual studio 2013\projects\script_ps\script_ps\release\script_ps.keyword_gui.resources
c:\users\islam\documents\visual studio 2013\projects\script_ps\script_ps\release\script_ps.snippit_gui.resources
c:\users\islam\documents\visual studio 2013\projects\script_ps\script_ps\release\script_ps.script_gui.resources
c:\users\islam\documents\visual studio 2013\projects\script_ps\script_ps\release\script_ps.vcxproj.generateresource.cache
c:\users\islam\documents\visual studio 2013\projects\script_ps\script_ps\release\script_ps.vcxprojresolveassemblyreference.cache
c:\users\islam\documents\visual studio 2013\projects\script_ps\script_ps\release\script_ps.tlog\cl.command.1.tlog
c:\users\islam\documents\visual studio 2013\projects\script_ps\script_ps\release\script_ps.tlog\cl.read.1.tlog
c:\users\islam\documents\visual studio 2013\projects\script_ps\script_ps\release\script_ps.tlog\cl.write.1.tlog
c:\users\islam\documents\visual studio 2013\projects\script_ps\script_ps\release\script_ps.tlog\link.command.1.tlog
c:\users\islam\documents\visual studio 2013\projects\script_ps\script_ps\release\script_ps.tlog\link.read.1.tlog
c:\users\islam\documents\visual studio 2013\projects\script_ps\script_ps\release\script_ps.tlog\link.write.1.tlog
c:\users\islam\documents\visual studio 2013\projects\script_ps\script_ps\release\script_ps.tlog\metagen.read.1.tlog
c:\users\islam\documents\visual studio 2013\projects\script_ps\script_ps\release\script_ps.tlog\rc.command.1.tlog
c:\users\islam\documents\visual studio 2013\projects\script_ps\script_ps\release\script_ps.tlog\rc.read.1.tlog
c:\users\islam\documents\visual studio 2013\projects\script_ps\script_ps\release\script_ps.tlog\rc.write.1.tlog
c:\users\islam\documents\visual studio 2013\projects\script_ps\script_ps\release\script_ps.tlog\script_ps.write.1u.tlog
c:\users\islam\documents\visual studio 2013\projects\script_ps\script_ps\release\script_ps.tlog\scintillanet.dll.metagen
c:\users\islam\documents\visual studio 2013\projects\script_ps\script_ps\release\script_ps.tlog\tzres.dll.bi
